<?xml version="1.0" encoding="UTF-8"?>
<testng-results ignored="0" total="1" passed="1" failed="0" skipped="0">
  <reporter-output>
  </reporter-output>
  <suite started-at="2025-06-27T04:29:04 IST" name="Default suite" finished-at="2025-06-27T04:29:48 IST" duration-ms="43637">
    <groups>
    </groups>
    <test started-at="2025-06-27T04:29:04 IST" name="Default test" finished-at="2025-06-27T04:29:48 IST" duration-ms="43637">
      <class name="com.opencart.testcases.EndToEndTest">
        <test-method is-config="true" signature="loadConfig()[pri:0, instance:com.opencart.testcases.EndToEndTest@2d2ffcb7]" started-at="2025-06-27T04:29:04 IST" name="loadConfig" finished-at="2025-06-27T04:29:04 IST" duration-ms="10" status="PASS">
          <reporter-output>
          </reporter-output>
        </test-method> <!-- loadConfig -->
        <test-method is-config="true" signature="setup()[pri:0, instance:com.opencart.testcases.EndToEndTest@2d2ffcb7]" started-at="2025-06-27T04:29:04 IST" name="setup" finished-at="2025-06-27T04:29:06 IST" duration-ms="2426" status="PASS">
          <reporter-output>
          </reporter-output>
        </test-method> <!-- setup -->
        <test-method signature="endToEndTest()[pri:0, instance:com.opencart.testcases.EndToEndTest@2d2ffcb7]" started-at="2025-06-27T04:29:06 IST" name="endToEndTest" finished-at="2025-06-27T04:29:47 IST" duration-ms="40904" status="PASS">
          <reporter-output>
          </reporter-output>
        </test-method> <!-- endToEndTest -->
        <test-method is-config="true" signature="tearDown()[pri:0, instance:com.opencart.testcases.EndToEndTest@2d2ffcb7]" started-at="2025-06-27T04:29:47 IST" name="tearDown" finished-at="2025-06-27T04:29:48 IST" duration-ms="265" status="PASS">
          <reporter-output>
          </reporter-output>
        </test-method> <!-- tearDown -->
      </class> <!-- com.opencart.testcases.EndToEndTest -->
    </test> <!-- Default test -->
  </suite> <!-- Default suite -->
</testng-results>
